{
  "RSpec": {
    "coverage": {
      "/home/ashiya/JOSH/Rails/RailsProject/community-connect-exp/spec/helpers/auth_helper.rb": {
        "lines": [
          1,
          1,
          28,
          28,
          null,
          null,
          null
        ]
      },
      "/home/ashiya/JOSH/Rails/RailsProject/community-connect-exp/app/controllers/queries_controller.rb": {
        "lines": [
          1,
          1,
          null,
          null,
          1,
          3,
          1,
          null,
          2,
          null,
          null,
          null,
          null,
          1,
          2,
          null,
          null,
          null,
          null,
          null,
          null,
          null,
          null,
          null,
          null,
          null,
          null,
          null,
          null,
          null,
          null,
          null,
          null,
          null,
          null,
          null,
          null,
          null,
          null,
          null,
          null,
          null,
          null,
          null,
          null,
          null,
          null,
          null,
          null,
          null,
          null,
          null,
          null,
          null,
          null,
          null,
          null,
          null,
          null,
          null,
          null,
          null,
          null,
          null,
          null,
          null,
          null,
          null,
          null,
          null,
          null,
          null,
          null,
          null,
          1,
          2,
          2,
          null,
          2,
          4,
          2,
          0,
          null,
          null,
          null,
          null,
          null,
          null,
          null,
          null,
          null,
          1,
          5,
          null,
          5,
          3,
          3,
          null,
          2,
          null,
          null,
          5,
          3,
          3,
          null,
          null,
          5,
          9,
          null,
          5,
          1,
          null,
          null,
          null,
          null,
          null,
          null,
          null,
          null,
          1,
          3,
          3,
          3,
          3,
          6,
          3,
          0,
          null,
          null,
          null,
          null,
          1,
          2,
          2,
          2,
          null,
          null,
          null,
          1,
          1,
          12,
          null,
          null,
          1,
          0,
          null,
          null,
          null,
          1,
          0,
          0,
          null,
          0,
          0,
          0,
          null,
          null,
          null,
          null
        ]
      },
      "/home/ashiya/JOSH/Rails/RailsProject/community-connect-exp/app/controllers/application_controller.rb": {
        "lines": [
          1,
          1,
          null,
          null,
          1,
          54,
          null,
          1,
          null,
          null,
          null,
          null,
          1,
          null,
          null,
          1,
          0,
          null,
          null,
          1,
          0,
          0,
          null,
          null,
          null,
          1,
          42,
          null,
          42,
          42,
          null,
          42,
          null,
          33,
          0,
          0,
          null,
          null,
          null,
          null,
          9,
          9,
          null,
          9,
          0,
          null,
          null,
          9,
          null,
          9,
          0,
          null,
          null,
          9,
          null,
          9,
          0,
          null,
          null,
          9,
          0,
          9,
          0,
          null,
          null,
          null,
          null,
          null,
          1,
          0,
          0,
          null,
          null,
          null,
          null
        ]
      },
      "/home/ashiya/JOSH/Rails/RailsProject/community-connect-exp/spec/controllers/admin_panel/responses_controller_spec.rb": {
        "lines": [
          1,
          null,
          1,
          8,
          8,
          8,
          8,
          null,
          1,
          7,
          null,
          null,
          1,
          1,
          1,
          1,
          null,
          null,
          null,
          1,
          1,
          1,
          1,
          2,
          null,
          1,
          null,
          null,
          null,
          1,
          1,
          1,
          1,
          2,
          null,
          1,
          null,
          null,
          null,
          1,
          1,
          1,
          1,
          2,
          null,
          1,
          null,
          null,
          null,
          1,
          1,
          1,
          1,
          1,
          null,
          1,
          null,
          null,
          null,
          1,
          1,
          1,
          1,
          1,
          null,
          1,
          null,
          null,
          null,
          1,
          1,
          1,
          1,
          2,
          null,
          1,
          null,
          null,
          null
        ]
      },
      "/home/ashiya/JOSH/Rails/RailsProject/community-connect-exp/app/controllers/responses_controller.rb": {
        "lines": [
          1,
          1,
          1,
          1,
          null,
          null,
          1,
          null,
          1,
          null,
          null,
          null,
          1,
          1,
          1,
          1,
          2,
          1,
          0,
          null,
          null,
          null,
          null,
          null,
          null,
          null,
          1,
          1,
          1,
          1,
          2,
          1,
          0,
          null,
          null,
          null,
          null,
          null,
          1,
          1,
          1,
          1,
          2,
          1,
          0,
          null,
          null,
          null,
          null,
          null,
          1,
          1,
          1,
          1,
          1,
          1,
          0,
          null,
          null,
          1,
          1,
          null,
          0,
          null,
          1,
          2,
          1,
          0,
          null,
          null,
          null,
          null,
          null,
          1,
          1,
          1,
          1,
          1,
          1,
          0,
          null,
          null,
          1,
          2,
          1,
          0,
          null,
          null,
          null,
          null,
          null,
          1,
          1,
          1,
          1,
          1,
          1,
          2,
          1,
          0,
          null,
          null,
          null,
          null,
          1,
          0,
          0,
          0,
          null,
          null,
          null,
          1,
          null,
          1,
          0,
          null,
          0,
          null,
          null,
          1,
          6,
          null,
          0,
          null,
          null,
          1,
          0,
          null,
          null,
          1,
          5,
          0,
          null,
          null,
          null,
          null,
          1,
          0,
          0,
          0,
          null,
          null,
          null,
          null
        ]
      },
      "/home/ashiya/JOSH/Rails/RailsProject/community-connect-exp/spec/controllers/admin_panel/tags_controller_spec.rb": {
        "lines": [
          1,
          null,
          1,
          3,
          3,
          1,
          1,
          null,
          1,
          2,
          null,
          null,
          1,
          1,
          1,
          1,
          1,
          null,
          null,
          null,
          null,
          null,
          null,
          null,
          null,
          null,
          null,
          null,
          null,
          null,
          null,
          null,
          null,
          null,
          null,
          null,
          null,
          null,
          null,
          null,
          null,
          null,
          null,
          null,
          null,
          null,
          null,
          null,
          null,
          null,
          null,
          null,
          null,
          null,
          null,
          null,
          null,
          null,
          null,
          null,
          null,
          null,
          null,
          null,
          null,
          null,
          null,
          null,
          null,
          null,
          null,
          null,
          null,
          null,
          null,
          null,
          null,
          null,
          null,
          null,
          null,
          null,
          null,
          null,
          1,
          1,
          1,
          1,
          1,
          1,
          1,
          null,
          null,
          null
        ]
      },
      "/home/ashiya/JOSH/Rails/RailsProject/community-connect-exp/app/controllers/tags_controller.rb": {
        "lines": [
          1,
          1,
          null,
          1,
          1,
          null,
          null,
          null,
          null,
          null,
          null,
          null,
          null,
          null,
          null,
          null,
          null,
          null,
          null,
          null,
          null,
          null,
          null,
          null,
          null,
          null,
          null,
          null,
          null,
          null,
          null,
          null,
          null,
          null,
          null,
          null,
          null,
          null,
          null,
          1,
          1,
          1,
          2,
          1,
          null,
          null,
          null,
          1,
          null,
          1,
          1,
          null,
          null,
          1,
          0,
          null,
          null,
          null
        ]
      },
      "/home/ashiya/JOSH/Rails/RailsProject/community-connect-exp/spec/controllers/admin_panel/users_controller_spec.rb": {
        "lines": [
          1,
          null,
          1,
          8,
          8,
          null,
          1,
          7,
          null,
          null,
          1,
          1,
          1,
          1,
          null,
          null,
          null,
          1,
          1,
          1,
          1,
          1,
          null,
          null,
          null,
          1,
          1,
          1,
          1,
          1,
          null,
          null,
          null,
          null,
          1,
          1,
          1,
          1,
          1,
          1,
          null,
          null,
          1,
          1,
          null,
          null,
          null,
          1,
          1,
          1,
          1,
          1,
          null,
          null,
          1,
          null,
          null,
          null,
          null,
          1,
          1,
          1,
          1,
          1,
          1,
          null,
          null,
          null,
          1,
          1,
          1,
          1,
          1,
          null,
          null,
          null
        ]
      },
      "/home/ashiya/JOSH/Rails/RailsProject/community-connect-exp/app/controllers/users_controller.rb": {
        "lines": [
          1,
          null,
          1,
          null,
          1,
          1,
          null,
          null,
          1,
          1,
          1,
          null,
          1,
          0,
          null,
          null,
          null,
          null,
          1,
          0,
          null,
          null,
          1,
          0,
          null,
          0,
          0,
          0,
          0,
          0,
          0,
          null,
          null,
          0,
          null,
          null,
          null,
          0,
          0,
          null,
          null,
          null,
          null,
          null,
          1,
          2,
          null,
          2,
          null,
          2,
          1,
          1,
          0,
          0,
          0,
          null,
          0,
          null,
          null,
          1,
          null,
          1,
          1,
          null,
          1,
          2,
          1,
          null,
          null,
          1,
          1,
          null,
          null,
          null,
          1,
          1,
          1,
          1,
          1,
          null,
          0,
          null,
          null,
          null,
          null,
          1,
          1,
          1,
          2,
          1,
          null,
          null,
          null,
          null,
          1,
          4,
          4,
          1,
          null,
          null,
          null,
          1,
          null,
          3,
          null,
          null,
          null
        ]
      },
      "/home/ashiya/JOSH/Rails/RailsProject/community-connect-exp/spec/controllers/api/v1/authentication_controller_spec.rb": {
        "lines": [
          1,
          null,
          1,
          1,
          null,
          12,
          12,
          12,
          12,
          null,
          1,
          1,
          1,
          1,
          1,
          1,
          1,
          1,
          null,
          null,
          1,
          1,
          1,
          1,
          1,
          1,
          null,
          null,
          null,
          1,
          1,
          1,
          1,
          1,
          1,
          null,
          null,
          null,
          1,
          1,
          1,
          1,
          1,
          1,
          null,
          null,
          1,
          1,
          1,
          1,
          1,
          null,
          null,
          null,
          1,
          1,
          1,
          1,
          1,
          1,
          null,
          null,
          1,
          1,
          1,
          1,
          1,
          null,
          null,
          null,
          1,
          1,
          1,
          1,
          1,
          1,
          null,
          null,
          1,
          1,
          1,
          1,
          1,
          null,
          null,
          null,
          1,
          1,
          1,
          1,
          1,
          1,
          null,
          null,
          1,
          1,
          1,
          1,
          1,
          null,
          null,
          null,
          null,
          null,
          null
        ]
      },
      "/home/ashiya/JOSH/Rails/RailsProject/community-connect-exp/app/controllers/api/v1/authentication_controller.rb": {
        "lines": [
          1,
          1,
          null,
          1,
          null,
          1,
          11,
          null,
          null,
          11,
          null,
          3,
          2,
          2,
          null,
          1,
          null,
          null,
          null,
          null,
          null,
          8,
          null,
          null,
          null
        ]
      },
      "/home/ashiya/JOSH/Rails/RailsProject/community-connect-exp/app/controllers/api/v1/base_controller.rb": {
        "lines": [
          1,
          1,
          1,
          1,
          null,
          1,
          1,
          null,
          1,
          null,
          1,
          null,
          1,
          5,
          5,
          null,
          5,
          0,
          null,
          null,
          5,
          null,
          5,
          0,
          null,
          null,
          5,
          null,
          5,
          null,
          null,
          null,
          null
        ]
      },
      "/home/ashiya/JOSH/Rails/RailsProject/community-connect-exp/spec/controllers/api/v1/query_controller_spec.rb": {
        "lines": [
          1,
          null,
          1,
          11,
          11,
          11,
          11,
          null,
          1,
          10,
          10,
          null,
          null,
          1,
          1,
          1,
          1,
          1,
          1,
          null,
          null,
          1,
          1,
          1,
          1,
          null,
          1,
          null,
          1,
          1,
          1,
          null,
          null,
          null,
          1,
          1,
          1,
          1,
          1,
          1,
          null,
          null,
          1,
          1,
          1,
          null,
          null,
          null,
          1,
          1,
          3,
          null,
          null,
          1,
          1,
          1,
          null,
          1,
          null,
          null,
          1,
          1,
          1,
          null,
          null,
          1,
          1,
          1,
          null,
          null,
          1,
          1,
          null,
          1,
          1,
          1,
          null,
          null,
          null,
          1,
          null,
          null,
          null,
          null,
          null,
          null,
          null,
          1,
          1,
          null,
          1,
          null,
          1,
          1,
          null,
          null,
          null,
          1,
          2,
          null,
          1,
          1,
          null,
          1,
          1,
          2,
          1,
          null,
          null,
          null,
          1,
          2,
          null,
          1,
          1,
          1,
          null,
          null,
          null,
          1,
          1,
          2,
          1,
          null,
          null,
          null,
          null,
          null,
          null,
          null,
          null,
          null,
          null,
          null,
          null,
          null,
          null,
          null,
          null
        ]
      },
      "/home/ashiya/JOSH/Rails/RailsProject/community-connect-exp/app/controllers/api/v1/queries_controller.rb": {
        "lines": [
          1,
          1,
          1,
          1,
          1,
          null,
          null,
          1,
          2,
          1,
          null,
          1,
          null,
          null,
          2,
          null,
          null,
          null,
          null,
          null,
          null,
          null,
          null,
          null,
          null,
          null,
          null,
          null,
          null,
          null,
          null,
          null,
          null,
          null,
          null,
          null,
          1,
          1,
          null,
          null,
          null,
          null,
          null,
          null,
          null,
          null,
          null,
          null,
          null,
          null,
          null,
          null,
          null,
          null,
          null,
          null,
          1,
          3,
          null,
          3,
          null,
          3,
          3,
          1,
          null,
          null,
          3,
          1,
          1,
          null,
          null,
          3,
          null,
          3,
          3,
          null,
          0,
          0,
          null,
          null,
          null,
          null,
          null,
          null,
          null,
          null,
          1,
          1,
          null,
          1,
          null,
          1,
          0,
          null,
          null,
          1,
          1,
          1,
          null,
          0,
          null,
          null,
          null,
          null,
          null,
          1,
          1,
          1,
          1,
          null,
          0,
          null,
          null,
          null,
          null,
          1,
          1,
          1,
          1,
          1,
          null,
          0,
          null,
          null,
          null,
          null,
          1,
          0,
          0,
          0,
          null,
          null,
          null,
          1,
          0,
          0,
          null,
          null,
          1,
          null,
          1,
          5,
          null,
          1,
          null,
          null,
          1,
          4,
          null,
          null,
          1,
          1,
          1,
          null,
          null,
          1,
          0,
          0,
          null,
          null,
          1,
          null,
          null,
          null,
          1,
          1,
          null,
          null,
          null,
          null,
          null,
          null
        ]
      },
      "/home/ashiya/JOSH/Rails/RailsProject/community-connect-exp/spec/controllers/api/v1/responses_controller_spec.rb": {
        "lines": [
          1,
          null,
          1,
          11,
          11,
          11,
          11,
          null,
          1,
          10,
          null,
          10,
          null,
          null,
          null,
          1,
          1,
          1,
          1,
          1,
          1,
          null,
          null,
          null,
          1,
          null,
          null,
          null,
          null,
          null,
          null,
          null,
          1,
          1,
          1,
          null,
          null,
          null,
          null,
          null,
          null,
          null,
          null,
          null,
          null,
          null,
          null,
          null,
          null,
          null,
          null,
          null,
          null,
          null,
          null,
          null,
          1,
          2,
          null,
          1,
          1,
          1,
          1,
          null,
          null,
          null,
          1,
          1,
          1,
          1,
          2,
          1,
          null,
          null,
          null,
          1,
          1,
          1,
          1,
          2,
          1,
          null,
          null,
          null,
          1,
          1,
          1,
          1,
          2,
          1,
          null,
          null,
          null,
          1,
          2,
          null,
          1,
          1,
          1,
          2,
          1,
          null,
          null,
          null,
          1,
          1,
          1,
          1,
          2,
          1,
          null,
          null,
          null,
          1,
          1,
          1,
          1,
          2,
          1,
          null,
          null,
          null,
          1,
          2,
          null,
          1,
          1,
          1,
          2,
          1,
          null,
          null,
          null,
          null
        ]
      },
      "/home/ashiya/JOSH/Rails/RailsProject/community-connect-exp/app/controllers/api/v1/responses_controller.rb": {
        "lines": [
          1,
          11,
          1,
          1,
          null,
          null,
          null,
          1,
          1,
          1,
          null,
          null,
          null,
          null,
          null,
          null,
          null,
          null,
          null,
          null,
          null,
          1,
          0,
          null,
          null,
          null,
          null,
          null,
          null,
          1,
          0,
          0,
          0,
          null,
          null,
          0,
          null,
          0,
          0,
          null,
          null,
          0,
          0,
          0,
          null,
          null,
          0,
          null,
          0,
          null,
          null,
          null,
          null,
          0,
          null,
          null,
          null,
          null,
          null,
          1,
          null,
          1,
          1,
          null,
          null,
          1,
          1,
          null,
          null,
          null,
          null,
          0,
          null,
          null,
          null,
          null,
          1,
          1,
          1,
          null,
          null,
          null,
          1,
          1,
          1,
          null,
          null,
          null,
          1,
          1,
          1,
          null,
          null,
          null,
          1,
          1,
          null,
          1,
          1,
          1,
          null,
          1,
          null,
          0,
          null,
          null,
          1,
          null,
          null,
          null,
          1,
          1,
          null,
          1,
          1,
          1,
          null,
          null,
          1,
          null,
          null,
          null,
          1,
          1,
          1,
          1,
          null,
          1,
          null,
          null,
          null,
          1,
          1,
          1,
          null,
          null,
          1,
          null,
          1,
          0,
          0,
          null,
          null,
          1,
          9,
          9,
          null,
          null,
          null,
          null,
          1,
          1,
          null,
          null,
          1,
          0,
          0,
          null,
          null,
          null
        ]
      },
      "/home/ashiya/JOSH/Rails/RailsProject/community-connect-exp/spec/controllers/api/v1/user_spec.rb": {
        "lines": [
          1,
          null,
          1,
          6,
          3,
          null,
          1,
          1,
          1,
          1,
          1,
          null,
          null,
          null,
          null,
          1,
          1,
          1,
          null,
          null,
          null,
          null,
          null,
          1,
          1,
          1,
          null,
          null,
          null,
          null,
          null,
          null,
          null,
          null,
          1,
          1,
          1,
          null,
          null,
          null,
          null,
          null,
          1,
          1,
          1,
          null,
          null,
          null,
          null,
          null,
          null
        ]
      },
      "/home/ashiya/JOSH/Rails/RailsProject/community-connect-exp/spec/helpers/api/v1/moderation_logs_helper_spec.rb": {
        "lines": [
          1,
          null,
          null,
          null,
          null,
          null,
          null,
          null,
          null,
          null,
          null,
          null,
          1,
          null,
          null
        ]
      },
      "/home/ashiya/JOSH/Rails/RailsProject/community-connect-exp/spec/helpers/api/v1/responses_helper_spec.rb": {
        "lines": [
          1,
          null,
          null,
          null,
          null,
          null,
          null,
          null,
          null,
          null,
          null,
          null,
          1,
          null,
          null
        ]
      },
      "/home/ashiya/JOSH/Rails/RailsProject/community-connect-exp/spec/helpers/moderation_logs_helper_spec.rb": {
        "lines": [
          1,
          null,
          null,
          null,
          null,
          null,
          null,
          null,
          null,
          null,
          null,
          null,
          1,
          null,
          null
        ]
      },
      "/home/ashiya/JOSH/Rails/RailsProject/community-connect-exp/spec/helpers/users/invitations_helper_spec.rb": {
        "lines": [
          1,
          null,
          null,
          null,
          null,
          null,
          null,
          null,
          null,
          null,
          null,
          null,
          1,
          null,
          null
        ]
      },
      "/home/ashiya/JOSH/Rails/RailsProject/community-connect-exp/spec/models/moderation_log_spec.rb": {
        "lines": [
          1,
          null,
          1,
          1,
          2,
          2,
          null,
          null,
          1,
          1,
          1,
          null,
          null,
          null,
          null,
          null,
          null,
          null,
          null,
          1,
          1,
          1,
          null,
          null,
          null,
          1,
          1,
          1,
          1,
          null,
          null,
          1,
          1,
          1,
          null,
          null,
          1,
          1,
          1,
          null,
          null,
          1,
          1,
          1,
          null,
          null,
          null
        ]
      },
      "/home/ashiya/JOSH/Rails/RailsProject/community-connect-exp/app/models/moderation_log.rb": {
        "lines": [
          1,
          1,
          1,
          null,
          1,
          null,
          null,
          null,
          null,
          null,
          null,
          null,
          null,
          null,
          null,
          null,
          null,
          null,
          null,
          null,
          null,
          null,
          null,
          null,
          null,
          null,
          null,
          null,
          null,
          null
        ]
      },
      "/home/ashiya/JOSH/Rails/RailsProject/community-connect-exp/spec/models/query_spec.rb": {
        "lines": [
          1,
          null,
          1,
          2,
          2,
          null,
          1,
          2,
          2,
          2,
          2,
          null,
          null,
          1,
          2,
          2,
          2,
          2,
          null,
          null,
          1,
          1,
          1,
          1,
          1,
          1,
          null,
          null,
          null
        ]
      },
      "/home/ashiya/JOSH/Rails/RailsProject/community-connect-exp/app/models/query.rb": {
        "lines": [
          1,
          1,
          null,
          1,
          12,
          1,
          1,
          null,
          null,
          1,
          1,
          null,
          null
        ]
      },
      "/home/ashiya/JOSH/Rails/RailsProject/community-connect-exp/spec/models/response_spec.rb": {
        "lines": [
          1,
          null,
          1,
          2,
          2,
          2,
          null,
          1,
          2,
          2,
          2,
          2,
          null,
          null,
          1,
          2,
          null,
          null,
          1,
          1,
          1,
          null,
          1,
          null,
          1,
          null,
          null,
          null
        ]
      },
      "/home/ashiya/JOSH/Rails/RailsProject/community-connect-exp/app/models/response.rb": {
        "lines": [
          1,
          1,
          null,
          1,
          1,
          1,
          1,
          null,
          12,
          null,
          1,
          null,
          1,
          3,
          null,
          null,
          null,
          1,
          null
        ]
      },
      "/home/ashiya/JOSH/Rails/RailsProject/community-connect-exp/spec/models/tag_spec.rb": {
        "lines": [
          1,
          null,
          1,
          1,
          2,
          2,
          2,
          2,
          null,
          null,
          1,
          3,
          null,
          2,
          2,
          null,
          null,
          1,
          4,
          null,
          1,
          1,
          null,
          null,
          1,
          1,
          1,
          null,
          null,
          1,
          1,
          1,
          1,
          null,
          null,
          null
        ]
      },
      "/home/ashiya/JOSH/Rails/RailsProject/community-connect-exp/app/models/tag.rb": {
        "lines": [
          1,
          null,
          1,
          null,
          1,
          1,
          1,
          1,
          null,
          1,
          null
        ]
      },
      "/home/ashiya/JOSH/Rails/RailsProject/community-connect-exp/spec/models/user_spec.rb": {
        "lines": [
          1,
          null,
          1,
          1,
          2,
          2,
          2,
          2,
          2,
          2,
          2,
          2,
          2,
          2,
          null,
          null,
          1,
          2,
          2,
          2,
          2,
          2,
          null,
          null,
          null,
          null,
          1,
          1,
          1,
          1,
          1,
          null,
          null,
          null
        ]
      },
      "/home/ashiya/JOSH/Rails/RailsProject/community-connect-exp/spec/requests/moderation_logs_spec.rb": {
        "lines": [
          null,
          null,
          null,
          null,
          null,
          null,
          null,
          null,
          null,
          null,
          null
        ]
      },
      "/home/ashiya/JOSH/Rails/RailsProject/community-connect-exp/spec/requests/users/invitations_spec.rb": {
        "lines": [
          1,
          null,
          1,
          1,
          null,
          null,
          null
        ]
      },
      "/home/ashiya/JOSH/Rails/RailsProject/community-connect-exp/spec/views/moderation_logs/index.html.erb_spec.rb": {
        "lines": [
          1,
          null,
          1,
          null,
          null
        ]
      },
      "/home/ashiya/JOSH/Rails/RailsProject/community-connect-exp/app/models/query_tag.rb": {
        "lines": [
          1,
          1,
          1,
          null
        ]
      },
      "/home/ashiya/JOSH/Rails/RailsProject/community-connect-exp/app/controllers/concerns/json_web_token.rb": {
        "lines": [
          1,
          1,
          1,
          null,
          1,
          30,
          30,
          30,
          null,
          null,
          1,
          null,
          14,
          null,
          null,
          14,
          14,
          0,
          null,
          null,
          14,
          0,
          null,
          null,
          14,
          0,
          0,
          0,
          null,
          0,
          0,
          null,
          null,
          null,
          null,
          null,
          null,
          null,
          null,
          null,
          null,
          null,
          null,
          null,
          null,
          null,
          null,
          null,
          null,
          null
        ]
      },
      "/home/ashiya/JOSH/Rails/RailsProject/community-connect-exp/app/models/response_tag.rb": {
        "lines": [
          1,
          1,
          1,
          null
        ]
      },
      "/home/ashiya/JOSH/Rails/RailsProject/community-connect-exp/app/controllers/api/v1/users_controller.rb": {
        "lines": [
          1,
          1,
          1,
          null,
          null,
          1,
          1,
          1,
          null,
          null,
          1,
          0,
          0,
          0,
          null,
          null,
          null,
          null,
          null,
          null,
          null,
          null,
          null,
          null,
          0,
          null,
          null,
          null,
          1,
          0,
          null,
          null,
          null,
          null,
          null,
          0,
          null,
          null,
          null,
          1,
          null,
          2,
          2,
          2,
          2,
          2,
          2,
          null,
          0,
          null,
          null,
          null,
          null,
          1,
          2,
          2,
          0,
          null,
          2,
          null,
          null,
          null,
          1,
          null,
          1,
          4,
          4,
          4,
          4,
          null,
          null,
          null,
          null,
          null,
          1,
          null,
          2,
          null,
          null,
          null,
          null,
          null,
          null,
          null,
          null,
          null,
          null,
          null
        ]
      }
    },
    "timestamp": 1741323998
  }
}
